<?xml version="1.0" encoding="UTF-8"?>
<!-- Generated by org.testng.reporters.JUnitReportReporter -->
<testsuite skipped="0" hostname="HSSSC1PCL01288" name="webdriver.OpenAppGoogle" tests="1" failures="0" timestamp="12 Jun 2017 08:00:07 GMT" time="13.976" errors="0">
  <testcase name="Check_Open_Google_App" time="13.976" classname="webdriver.OpenAppGoogle"/>
</testsuite> <!-- webdriver.OpenAppGoogle -->
