<?xml version="1.0" encoding="UTF-8"?>
<!-- Generated by org.testng.reporters.JUnitReportReporter -->
<testsuite skipped="0" hostname="HSSSC1PCL01288" name="phpTravel.CheckFunctionLogin" tests="2" failures="0" timestamp="20 Jun 2017 10:05:18 GMT" time="31.836" errors="0">
  <testcase name="CheckLoginAppSuccess" time="15.612" classname="phpTravel.CheckFunctionLogin"/>
  <testcase name="CheckLoginAppNOTsuccess" time="16.224" classname="phpTravel.CheckFunctionLogin"/>
</testsuite> <!-- phpTravel.CheckFunctionLogin -->
