<?xml version="1.0" encoding="UTF-8"?>
<!-- Generated by org.testng.reporters.JUnitReportReporter -->
<testsuite skipped="0" hostname="HSSSC1PCL01288" name="hellomaven.CheckOpenApp" tests="1" failures="0" timestamp="20 Jun 2017 09:54:14 GMT" time="18.239" errors="0">
  <testcase name="CheckOpenAppSuccess" time="18.239" classname="hellomaven.CheckOpenApp"/>
</testsuite> <!-- hellomaven.CheckOpenApp -->
